<?xml version="1.0" encoding="UTF-8"?>
<!-- Generated by org.testng.reporters.JUnitReportReporter -->
<testsuite hostname="Melvin_Merin" failures="0" tests="2" name="testscript.NewsTest" time="5.439" errors="0" timestamp="2025-10-03T10:49:18 IST" skipped="0">
  <testcase classname="testscript.NewsTest" name="verifyAddNews" time="2.875"/>
  <testcase classname="testscript.NewsTest" name="verifyReturnToHome" time="2.564"/>
</testsuite> <!-- testscript.NewsTest -->
