<?xml version="1.0" encoding="UTF-8"?>
<!-- Generated by org.testng.reporters.JUnitReportReporter -->
<testsuite hostname="Melvin_Merin" failures="0" tests="2" name="testscript.HomeTest" time="8.273" errors="0" timestamp="2025-10-03T11:14:50 IST" skipped="0">
  <testcase classname="testscript.HomeTest" name="VerifyLogout" time="4.233"/>
  <testcase classname="testscript.HomeTest" name="VerifyLogout" time="4.040"/>
</testsuite> <!-- testscript.HomeTest -->
