<?xml version="1.0" encoding="UTF-8"?>
<!-- Generated by org.testng.reporters.JUnitReportReporter -->
<testsuite hostname="Melvin_Merin" failures="0" tests="1" name="testscript.LoginTest" time="5.164" errors="0" timestamp="2025-10-07T10:57:30 IST" skipped="0">
  <testcase classname="testscript.LoginTest" name="verifyLoginByValidCredentials" time="5.164"/>
</testsuite> <!-- testscript.LoginTest -->
