<?xml version="1.0" encoding="UTF-8"?>
<!-- Generated by org.testng.reporters.JUnitReportReporter -->
<testsuite hostname="Melvin_Merin" failures="0" tests="3" name="testscript.AdminTest" time="12.466" errors="0" timestamp="2025-10-06T10:39:29 IST" skipped="0">
  <testcase classname="testscript.AdminTest" name="verifyAddUser" time="4.385"/>
  <testcase classname="testscript.AdminTest" name="verifySearch" time="4.379"/>
  <testcase classname="testscript.AdminTest" name="verifyReset" time="3.702"/>
</testsuite> <!-- testscript.AdminTest -->
