<?xml version="1.0" encoding="UTF-8"?>
<!-- Generated by org.testng.reporters.JUnitReportReporter -->
<testsuite hostname="Melvin_Merin" failures="0" tests="1" name="testscript.NewsTest" time="4.718" errors="0" timestamp="2025-09-23T00:35:51 IST" skipped="0">
  <testcase classname="testscript.NewsTest" name="verifyReturnToHome" time="4.718"/>
</testsuite> <!-- testscript.NewsTest -->
