<?xml version="1.0" encoding="UTF-8"?>
<!-- Generated by org.testng.reporters.JUnitReportReporter -->
<testsuite hostname="Melvin_Merin" failures="0" tests="2" name="testscript.NewsTest" time="14.255" errors="0" timestamp="2025-10-02T13:35:11 IST" skipped="0">
  <testcase classname="testscript.NewsTest" name="verifyAddNews" time="7.985"/>
  <testcase classname="testscript.NewsTest" name="verifyReturnToHome" time="6.270"/>
</testsuite> <!-- testscript.NewsTest -->
