<?xml version="1.0" encoding="UTF-8"?>
<!-- Generated by org.testng.reporters.JUnitReportReporter -->
<testsuite hostname="Melvin_Merin" failures="0" tests="1" name="testscript.HomeTest" time="6.984" errors="0" timestamp="2025-09-27T00:47:09 IST" skipped="0">
  <testcase classname="testscript.HomeTest" name="VerifyLogout" time="6.984"/>
</testsuite> <!-- testscript.HomeTest -->
