<?xml version="1.0" encoding="UTF-8"?>
<!-- Generated by org.testng.reporters.JUnitReportReporter -->
<testsuite hostname="Melvin_Merin" failures="0" tests="4" name="testscript.LoginTest" time="10.221" errors="0" timestamp="2025-09-22T23:25:40 IST" skipped="0">
  <testcase classname="testscript.LoginTest" name="verifyLoginByInValidCredentials" time="2.804"/>
  <testcase classname="testscript.LoginTest" name="verifyLoginByInvalidPassword" time="2.867"/>
  <testcase classname="testscript.LoginTest" name="verifyLoginByValidCredentials" time="2.280"/>
  <testcase classname="testscript.LoginTest" name="verifyLoginByInValidUsername" time="2.270"/>
</testsuite> <!-- testscript.LoginTest -->
