<?xml version="1.0" encoding="UTF-8"?>
<!-- Generated by org.testng.reporters.JUnitReportReporter -->
<testsuite hostname="Melvin_Merin" failures="0" tests="3" name="testscript.AdminTest" time="12.236" errors="0" timestamp="2025-09-23T00:25:13 IST" skipped="0">
  <testcase classname="testscript.AdminTest" name="verifySearch" time="4.802"/>
  <testcase classname="testscript.AdminTest" name="verifyAddUser" time="4.234"/>
  <testcase classname="testscript.AdminTest" name="verifyReset" time="3.200"/>
</testsuite> <!-- testscript.AdminTest -->
