<?xml version="1.0" encoding="UTF-8"?>
<!-- Generated by org.testng.reporters.JUnitReportReporter -->
<testsuite hostname="Melvin_Merin" failures="0" tests="1" name="testscript.HomeTest" time="5.082" errors="0" timestamp="2025-10-02T12:34:31 IST" skipped="0">
  <testcase classname="testscript.HomeTest" name="VerifyLogout" time="5.082"/>
</testsuite> <!-- testscript.HomeTest -->
