<?xml version="1.0" encoding="UTF-8"?>
<!-- Generated by org.testng.reporters.JUnitReportReporter -->
<testsuite hostname="Melvin_Merin" failures="0" tests="2" name="testscript.NewsTest" time="7.761" errors="0" timestamp="2025-10-06T10:39:29 IST" skipped="0">
  <testcase classname="testscript.NewsTest" name="verifyAddNews" time="4.039"/>
  <testcase classname="testscript.NewsTest" name="verifyReturnToHome" time="3.722"/>
</testsuite> <!-- testscript.NewsTest -->
