<?xml version="1.0" encoding="UTF-8"?>
<!-- Generated by org.testng.reporters.JUnitReportReporter -->
<testsuite hostname="Melvin_Merin" failures="0" tests="3" name="testscript.AdminTest" time="12.408" errors="0" timestamp="2025-10-02T13:29:11 IST" skipped="0">
  <testcase classname="testscript.AdminTest" name="verifyAddUser" time="5.537"/>
  <testcase classname="testscript.AdminTest" name="verifySearch" time="3.894"/>
  <testcase classname="testscript.AdminTest" name="verifyReset" time="2.977"/>
</testsuite> <!-- testscript.AdminTest -->
