<?xml version="1.0" encoding="UTF-8"?>
<!-- Generated by org.testng.reporters.JUnitReportReporter -->
<testsuite hostname="Melvin_Merin" failures="0" tests="1" name="testscript.HomeTest" time="4.144" errors="0" timestamp="2025-09-22T23:29:12 IST" skipped="0">
  <testcase classname="testscript.HomeTest" name="VerifyLogout" time="4.144"/>
</testsuite> <!-- testscript.HomeTest -->
